Start: 2019-01-28 20:05:25 UTC(+0000)
DIM:10 
instance:0
MESSAGE IN: ENV:1548705925-3-0-10 POP=1548703799-3-0-10 count=0
MESSAGE FROM OTHER EXPERIMENT:1548705925-3-0-10,1548703799-3-0-10
Message Processed, count:0
MESSAGE IN: ENV:1548705925-3-0-10 POP=1548703799-3-0-10 count=0
MESSAGE FROM OTHER EXPERIMENT:1548705925-3-0-10,1548703799-3-0-10
Message Processed, count:0
MESSAGE IN: ENV:1548705925-3-0-10 POP=1548703799-3-0-10 count=0
MESSAGE FROM OTHER EXPERIMENT:1548705925-3-0-10,1548703799-3-0-10
Message Processed, count:0
MESSAGE IN: ENV:1548705925-3-0-10 POP=1548703799-3-0-10 count=0
MESSAGE FROM OTHER EXPERIMENT:1548705925-3-0-10,1548703799-3-0-10
Message Processed, count:0
MESSAGE IN: ENV:1548705925-3-0-10 POP=1548703799-3-0-10 count=0
MESSAGE FROM OTHER EXPERIMENT:1548705925-3-0-10,1548703799-3-0-10
Message Processed, count:0
MESSAGE IN: ENV:1548705925-3-0-10 POP=1548703799-3-0-10 count=0
MESSAGE FROM OTHER EXPERIMENT:1548705925-3-0-10,1548703799-3-0-10
Message Processed, count:0
MESSAGE IN: ENV:1548705925-3-0-10 POP=1548703799-3-0-10 count=0
MESSAGE FROM OTHER EXPERIMENT:1548705925-3-0-10,1548703799-3-0-10
Message Processed, count:0
MESSAGE IN: ENV:1548705925-3-0-10 POP=1548703799-3-0-10 count=0
MESSAGE FROM OTHER EXPERIMENT:1548705925-3-0-10,1548703799-3-0-10
Message Processed, count:0
MESSAGE IN: ENV:1548705925-3-0-10 POP=1548705925-3-0-10 count=0
Sending Message...1548705925-3-0-10
saving to redis
Message Processed, count:1
MESSAGE IN: ENV:1548705925-3-0-10 POP=1548705925-3-0-10 count=1
Sending Message...1548705925-3-0-10
saving to redis
Message Processed, count:2
MESSAGE IN: ENV:1548705925-3-0-10 POP=1548705925-3-0-10 count=2
Sending Message...1548705925-3-0-10
saving to redis
Message Processed, count:3
MESSAGE IN: ENV:1548705925-3-0-10 POP=1548705925-3-0-10 count=3
Sending Message...1548705925-3-0-10
saving to redis
Message Processed, count:4
MESSAGE IN: ENV:1548705925-3-0-10 POP=1548705925-3-0-10 count=4
Sending Message...1548705925-3-0-10
saving to redis
Message Processed, count:5
MESSAGE IN: ENV:1548705925-3-0-10 POP=1548705925-3-0-10 count=5
Sending Message...1548705925-3-0-10
saving to redis
Message Processed, count:6
MESSAGE IN: ENV:1548705925-3-0-10 POP=1548705925-3-0-10 count=6
Sending Message...1548705925-3-0-10
saving to redis
Message Processed, count:7
MESSAGE IN: ENV:1548705925-3-0-10 POP=1548705925-3-0-10 count=7
Sending Message...1548705925-3-0-10
saving to redis
Message Processed, count:8
MESSAGE IN: ENV:1548705925-3-0-10 POP=1548705925-3-0-10 count=8
Sending Message...1548705925-3-0-10
saving to redis
Message Processed, count:9
MESSAGE IN: ENV:1548705925-3-0-10 POP=1548705925-3-0-10 count=9
Sending Message...1548705925-3-0-10
saving to redis
Message Processed, count:10
MESSAGE IN: ENV:1548705925-3-0-10 POP=1548705925-3-0-10 count=10
Sending Message...1548705925-3-0-10
saving to redis
Message Processed, count:11
MESSAGE IN: ENV:1548705925-3-0-10 POP=1548705925-3-0-10 count=11
Sending Message...1548705925-3-0-10
saving to redis
Message Processed, count:12
MESSAGE IN: ENV:1548705925-3-0-10 POP=1548705925-3-0-10 count=12
Sending Message...1548705925-3-0-10
saving to redis
Message Processed, count:13
MESSAGE IN: ENV:1548705925-3-0-10 POP=1548705925-3-0-10 count=13
Sending Message...1548705925-3-0-10
saving to redis
Message Processed, count:14
MESSAGE IN: ENV:1548705925-3-0-10 POP=1548705925-3-0-10 count=14
Sending Message...1548705925-3-0-10
saving to redis
Message Processed, count:15
MESSAGE IN: ENV:1548705925-3-0-10 POP=1548705925-3-0-10 count=15
Sending Message...1548705925-3-0-10
saving to redis
Message Processed, count:16
MESSAGE IN: ENV:1548705925-3-0-10 POP=1548705925-3-0-10 count=16
Sending Message...1548705925-3-0-10
saving to redis
Message Processed, count:17
MESSAGE IN: ENV:1548705925-3-0-10 POP=1548705925-3-0-10 count=17
Sending Message...1548705925-3-0-10
saving to redis
Message Processed, count:18
MESSAGE IN: ENV:1548705925-3-0-10 POP=1548705925-3-0-10 count=18
Sending Message...1548705925-3-0-10
saving to redis
Message Processed, count:19
MESSAGE IN: ENV:1548705925-3-0-10 POP=1548705925-3-0-10 count=19
Sending Message...1548705925-3-0-10
saving to redis
Message Processed, count:20
MESSAGE IN: ENV:1548705925-3-0-10 POP=1548705925-3-0-10 count=20
Sending Message...1548705925-3-0-10
saving to redis
Message Processed, count:21
MESSAGE IN: ENV:1548705925-3-0-10 POP=1548705925-3-0-10 count=21
Sending Message...1548705925-3-0-10
saving to redis
Message Processed, count:22
MESSAGE IN: ENV:1548705925-3-0-10 POP=1548705925-3-0-10 count=22
Sending Message...1548705925-3-0-10
saving to redis
Message Processed, count:23
MESSAGE IN: ENV:1548705925-3-0-10 POP=1548705925-3-0-10 count=23
Sending Message...1548705925-3-0-10
saving to redis
Message Processed, count:24
MESSAGE IN: ENV:1548705925-3-0-10 POP=1548705925-3-0-10 count=24
Sending Message...1548705925-3-0-10
saving to redis
Message Processed, count:25
MESSAGE IN: ENV:1548705925-3-0-10 POP=1548705925-3-0-10 count=25
Sending Message...1548705925-3-0-10
saving to redis
Message Processed, count:26
MESSAGE IN: ENV:1548705925-3-0-10 POP=1548705925-3-0-10 count=26
Sending Message...1548705925-3-0-10
saving to redis
Message Processed, count:27
MESSAGE IN: ENV:1548705925-3-0-10 POP=1548705925-3-0-10 count=27
Sending Message...1548705925-3-0-10
saving to redis
Message Processed, count:28
MESSAGE IN: ENV:1548705925-3-0-10 POP=1548705925-3-0-10 count=28
Sending Message...1548705925-3-0-10
saving to redis
Message Processed, count:29
MESSAGE IN: ENV:1548705925-3-0-10 POP=1548705925-3-0-10 count=29
Sending Message...1548705925-3-0-10
saving to redis
Message Processed, count:30
MESSAGE IN: ENV:1548705925-3-0-10 POP=1548705925-3-0-10 count=30
Sending Message...1548705925-3-0-10
saving to redis
Message Processed, count:31
MESSAGE IN: ENV:1548705925-3-0-10 POP=1548705925-3-0-10 count=31
Sending Message...1548705925-3-0-10
saving to redis
Message Processed, count:32
MESSAGE IN: ENV:1548705925-3-0-10 POP=1548705925-3-0-10 count=32
Sending Message...1548705925-3-0-10
saving to redis
Message Processed, count:33
MESSAGE IN: ENV:1548705925-3-0-10 POP=1548705925-3-0-10 count=33
Sending Message...1548705925-3-0-10
saving to redis
Message Processed, count:34
MESSAGE IN: ENV:1548705925-3-0-10 POP=1548705925-3-0-10 count=34
Sending Message...1548705925-3-0-10
saving to redis
Message Processed, count:35
MESSAGE IN: ENV:1548705925-3-0-10 POP=1548705925-3-0-10 count=35
Sending Message...1548705925-3-0-10
saving to redis
Message Processed, count:36
MESSAGE IN: ENV:1548705925-3-0-10 POP=1548705925-3-0-10 count=36
Sending Message...1548705925-3-0-10
saving to redis
Message Processed, count:37
MESSAGE IN: ENV:1548705925-3-0-10 POP=1548705925-3-0-10 count=37
Sending Message...1548705925-3-0-10
saving to redis
Message Processed, count:38
MESSAGE IN: ENV:1548705925-3-0-10 POP=1548705925-3-0-10 count=38
Sending Message...1548705925-3-0-10
saving to redis
Message Processed, count:39
MESSAGE IN: ENV:1548705925-3-0-10 POP=1548705925-3-0-10 count=39
Sending Message...1548705925-3-0-10
saving to redis
Message Processed, count:40
MESSAGE IN: ENV:1548705925-3-0-10 POP=1548705925-3-0-10 count=40
Sending Message...1548705925-3-0-10
saving to redis
Message Processed, count:41
MESSAGE IN: ENV:1548705925-3-0-10 POP=1548705925-3-0-10 count=41
Sending Message...1548705925-3-0-10
saving to redis
Message Processed, count:42
MESSAGE IN: ENV:1548705925-3-0-10 POP=1548705925-3-0-10 count=42
Sending Message...1548705925-3-0-10
saving to redis
Message Processed, count:43
MESSAGE IN: ENV:1548705925-3-0-10 POP=1548705925-3-0-10 count=43
Sending Message...1548705925-3-0-10
saving to redis
Message Processed, count:44
MESSAGE IN: ENV:1548705925-3-0-10 POP=1548705925-3-0-10 count=44
Sending Message...1548705925-3-0-10
saving to redis
Message Processed, count:45
MESSAGE IN: ENV:1548705925-3-0-10 POP=1548705925-3-0-10 count=45
Sending Message...1548705925-3-0-10
saving to redis
Message Processed, count:46
MESSAGE IN: ENV:1548705925-3-0-10 POP=1548705925-3-0-10 count=46
Sending Message...1548705925-3-0-10
saving to redis
Message Processed, count:47
MESSAGE IN: ENV:1548705925-3-0-10 POP=1548705925-3-0-10 count=47
Sending Message...1548705925-3-0-10
saving to redis
Message Processed, count:48
MESSAGE IN: ENV:1548705925-3-0-10 POP=1548705925-3-0-10 count=48
Sending Message...1548705925-3-0-10
saving to redis
Message Processed, count:49
MESSAGE IN: ENV:1548705925-3-0-10 POP=1548705925-3-0-10 count=49
Sending Message...1548705925-3-0-10
saving to redis
Message Processed, count:50
MESSAGE IN: ENV:1548705925-3-0-10 POP=1548705925-3-0-10 count=50
Sending Message...1548705925-3-0-10
saving to redis
Message Processed, count:51
MESSAGE IN: ENV:1548705925-3-0-10 POP=1548705925-3-0-10 count=51
Sending Message...1548705925-3-0-10
saving to redis
Message Processed, count:52
MESSAGE IN: ENV:1548705925-3-0-10 POP=1548705925-3-0-10 count=52
Sending Message...1548705925-3-0-10
saving to redis
Message Processed, count:53
MESSAGE IN: ENV:1548705925-3-0-10 POP=1548705925-3-0-10 count=53
Sending Message...1548705925-3-0-10
saving to redis
Message Processed, count:54
MESSAGE IN: ENV:1548705925-3-0-10 POP=1548705925-3-0-10 count=54
Sending Message...1548705925-3-0-10
saving to redis
Message Processed, count:55
MESSAGE IN: ENV:1548705925-3-0-10 POP=1548705925-3-0-10 count=55
Sending Message...1548705925-3-0-10
saving to redis
Message Processed, count:56
MESSAGE IN: ENV:1548705925-3-0-10 POP=1548705925-3-0-10 count=56
Sending Message...1548705925-3-0-10
saving to redis
Message Processed, count:57
MESSAGE IN: ENV:1548705925-3-0-10 POP=1548705925-3-0-10 count=57
Sending Message...1548705925-3-0-10
saving to redis
Message Processed, count:58
MESSAGE IN: ENV:1548705925-3-0-10 POP=1548705925-3-0-10 count=58
Sending Message...1548705925-3-0-10
saving to redis
Message Processed, count:59
MESSAGE IN: ENV:1548705925-3-0-10 POP=1548705925-3-0-10 count=59
Sending Message...1548705925-3-0-10
saving to redis
Message Processed, count:60
MESSAGE IN: ENV:1548705925-3-0-10 POP=1548705925-3-0-10 count=60
Sending Message...1548705925-3-0-10
saving to redis
Message Processed, count:61
MESSAGE IN: ENV:1548705925-3-0-10 POP=1548705925-3-0-10 count=61
Sending Message...1548705925-3-0-10
saving to redis
Message Processed, count:62
MESSAGE IN: ENV:1548705925-3-0-10 POP=1548705925-3-0-10 count=62
Sending Message...1548705925-3-0-10
saving to redis
Message Processed, count:63
MESSAGE IN: ENV:1548705925-3-0-10 POP=1548705925-3-0-10 count=63
Sending Message...1548705925-3-0-10
saving to redis
Message Processed, count:64
MESSAGE IN: ENV:1548705925-3-0-10 POP=1548705925-3-0-10 count=64
Sending Message...1548705925-3-0-10
saving to redis
Message Processed, count:65
MESSAGE IN: ENV:1548705925-3-0-10 POP=1548705925-3-0-10 count=65
Sending Message...1548705925-3-0-10
saving to redis
Message Processed, count:66
MESSAGE IN: ENV:1548705925-3-0-10 POP=1548705925-3-0-10 count=66
Sending Message...1548705925-3-0-10
saving to redis
Message Processed, count:67
MESSAGE IN: ENV:1548705925-3-0-10 POP=1548705925-3-0-10 count=67
Sending Message...1548705925-3-0-10
saving to redis
Message Processed, count:68
MESSAGE IN: ENV:1548705925-3-0-10 POP=1548705925-3-0-10 count=68
Sending Message...1548705925-3-0-10
saving to redis
Message Processed, count:69
MESSAGE IN: ENV:1548705925-3-0-10 POP=1548705925-3-0-10 count=69
Sending Message...1548705925-3-0-10
saving to redis
Message Processed, count:70
MESSAGE IN: ENV:1548705925-3-0-10 POP=1548705925-3-0-10 count=70
Sending Message...1548705925-3-0-10
saving to redis
Message Processed, count:71
MESSAGE IN: ENV:1548705925-3-0-10 POP=1548705925-3-0-10 count=71
Sending Message...1548705925-3-0-10
saving to redis
Message Processed, count:72
MESSAGE IN: ENV:1548705925-3-0-10 POP=1548705925-3-0-10 count=72
Sending Message...1548705925-3-0-10
saving to redis
Message Processed, count:73
MESSAGE IN: ENV:1548705925-3-0-10 POP=1548705925-3-0-10 count=73
Sending Message...1548705925-3-0-10
saving to redis
Message Processed, count:74
MESSAGE IN: ENV:1548705925-3-0-10 POP=1548705925-3-0-10 count=74
Sending Message...1548705925-3-0-10
saving to redis
Message Processed, count:75
MESSAGE IN: ENV:1548705925-3-0-10 POP=1548705925-3-0-10 count=75
Sending Message...1548705925-3-0-10
saving to redis
Message Processed, count:76
MESSAGE IN: ENV:1548705925-3-0-10 POP=1548705925-3-0-10 count=76
Sending Message...1548705925-3-0-10
saving to redis
Message Processed, count:77
MESSAGE IN: ENV:1548705925-3-0-10 POP=1548705925-3-0-10 count=77
Sending Message...1548705925-3-0-10
saving to redis
Message Processed, count:78
MESSAGE IN: ENV:1548705925-3-0-10 POP=1548705925-3-0-10 count=78
Sending Message...1548705925-3-0-10
saving to redis
Message Processed, count:79
MESSAGE IN: ENV:1548705925-3-0-10 POP=1548705925-3-0-10 count=79
Sending Message...1548705925-3-0-10
saving to redis
Message Processed, count:80
MESSAGE IN: ENV:1548705925-3-0-10 POP=1548705925-3-0-10 count=80
Sending Message...1548705925-3-0-10
saving to redis
Message Processed, count:81
MESSAGE IN: ENV:1548705925-3-0-10 POP=1548705925-3-0-10 count=81
Sending Message...1548705925-3-0-10
saving to redis
Message Processed, count:82
MESSAGE IN: ENV:1548705925-3-0-10 POP=1548705925-3-0-10 count=82
Sending Message...1548705925-3-0-10
saving to redis
Message Processed, count:83
MESSAGE IN: ENV:1548705925-3-0-10 POP=1548705925-3-0-10 count=83
Sending Message...1548705925-3-0-10
saving to redis
Message Processed, count:84
MESSAGE IN: ENV:1548705925-3-0-10 POP=1548705925-3-0-10 count=84
Sending Message...1548705925-3-0-10
saving to redis
Message Processed, count:85
MESSAGE IN: ENV:1548705925-3-0-10 POP=1548705925-3-0-10 count=85
Sending Message...1548705925-3-0-10
saving to redis
Message Processed, count:86
MESSAGE IN: ENV:1548705925-3-0-10 POP=1548705925-3-0-10 count=86
Sending Message...1548705925-3-0-10
saving to redis
Message Processed, count:87
MESSAGE IN: ENV:1548705925-3-0-10 POP=1548705925-3-0-10 count=87
Sending Message...1548705925-3-0-10
saving to redis
Message Processed, count:88
MESSAGE IN: ENV:1548705925-3-0-10 POP=1548705925-3-0-10 count=88
Sending Message...1548705925-3-0-10
saving to redis
Message Processed, count:89
MESSAGE IN: ENV:1548705925-3-0-10 POP=1548705925-3-0-10 count=89
Sending Message...1548705925-3-0-10
saving to redis
Message Processed, count:90
MESSAGE IN: ENV:1548705925-3-0-10 POP=1548705925-3-0-10 count=90
Sending Message...1548705925-3-0-10
saving to redis
Message Processed, count:91
MESSAGE IN: ENV:1548705925-3-0-10 POP=1548705925-3-0-10 count=91
Sending Message...1548705925-3-0-10
saving to redis
Message Processed, count:92
MESSAGE IN: ENV:1548705925-3-0-10 POP=1548705925-3-0-10 count=92
Sending Message...1548705925-3-0-10
saving to redis
Message Processed, count:93
MESSAGE IN: ENV:1548705925-3-0-10 POP=1548705925-3-0-10 count=93
Sending Message...1548705925-3-0-10
saving to redis
Message Processed, count:94
MESSAGE IN: ENV:1548705925-3-0-10 POP=1548705925-3-0-10 count=94
Sending Message...1548705925-3-0-10
saving to redis
Message Processed, count:95
MESSAGE IN: ENV:1548705925-3-0-10 POP=1548705925-3-0-10 count=95
Sending Message...1548705925-3-0-10
saving to redis
Message Processed, count:96
MESSAGE IN: ENV:1548705925-3-0-10 POP=1548705925-3-0-10 count=96
Sending Message...1548705925-3-0-10
saving to redis
Message Processed, count:97
MESSAGE IN: ENV:1548705925-3-0-10 POP=1548705925-3-0-10 count=97
Sending Message...1548705925-3-0-10
saving to redis
Message Processed, count:98
MESSAGE IN: ENV:1548705925-3-0-10 POP=1548705925-3-0-10 count=98
Sending Message...1548705925-3-0-10
saving to redis
Message Processed, count:99
MESSAGE IN: ENV:1548705925-3-0-10 POP=1548705925-3-0-10 count=99
Sending Message...1548705925-3-0-10
saving to redis
Message Processed, count:100
MESSAGE IN: ENV:1548705925-3-0-10 POP=1548705925-3-0-10 count=100
Sending Message...1548705925-3-0-10
saving to redis
Message Processed, count:101
MESSAGE IN: ENV:1548705925-3-0-10 POP=1548705925-3-0-10 count=101
Sending Message...1548705925-3-0-10
saving to redis
Message Processed, count:102
MESSAGE IN: ENV:1548705925-3-0-10 POP=1548705925-3-0-10 count=102
Sending Message...1548705925-3-0-10
saving to redis
Message Processed, count:103
MESSAGE IN: ENV:1548705925-3-0-10 POP=1548705925-3-0-10 count=103
Sending Message...1548705925-3-0-10
saving to redis
Message Processed, count:104
MESSAGE IN: ENV:1548705925-3-0-10 POP=1548705925-3-0-10 count=104
Sending Message...1548705925-3-0-10
saving to redis
Message Processed, count:105
MESSAGE IN: ENV:1548705925-3-0-10 POP=1548705925-3-0-10 count=105
Sending Message...1548705925-3-0-10
saving to redis
Message Processed, count:106
MESSAGE IN: ENV:1548705925-3-0-10 POP=1548705925-3-0-10 count=106
Sending Message...1548705925-3-0-10
saving to redis
Message Processed, count:107
MESSAGE IN: ENV:1548705925-3-0-10 POP=1548705925-3-0-10 count=107
Sending Message...1548705925-3-0-10
saving to redis
Message Processed, count:108
MESSAGE IN: ENV:1548705925-3-0-10 POP=1548705925-3-0-10 count=108
Sending Message...1548705925-3-0-10
saving to redis
Message Processed, count:109
MESSAGE IN: ENV:1548705925-3-0-10 POP=1548705925-3-0-10 count=109
Sending Message...1548705925-3-0-10
saving to redis
Message Processed, count:110
MESSAGE IN: ENV:1548705925-3-0-10 POP=1548705925-3-0-10 count=110
Sending Message...1548705925-3-0-10
saving to redis
Message Processed, count:111
MESSAGE IN: ENV:1548705925-3-0-10 POP=1548705925-3-0-10 count=111
Sending Message...1548705925-3-0-10
saving to redis
Message Processed, count:112
MESSAGE IN: ENV:1548705925-3-0-10 POP=1548705925-3-0-10 count=112
Sending Message...1548705925-3-0-10
saving to redis
Message Processed, count:113
MESSAGE IN: ENV:1548705925-3-0-10 POP=1548705925-3-0-10 count=113
Sending Message...1548705925-3-0-10
saving to redis
Message Processed, count:114
MESSAGE IN: ENV:1548705925-3-0-10 POP=1548705925-3-0-10 count=114
Sending Message...1548705925-3-0-10
saving to redis
Message Processed, count:115
MESSAGE IN: ENV:1548705925-3-0-10 POP=1548705925-3-0-10 count=115
Sending Message...1548705925-3-0-10
saving to redis
Message Processed, count:116
MESSAGE IN: ENV:1548705925-3-0-10 POP=1548705925-3-0-10 count=116
Sending Message...1548705925-3-0-10
saving to redis
Message Processed, count:117
MESSAGE IN: ENV:1548705925-3-0-10 POP=1548705925-3-0-10 count=117
Sending Message...1548705925-3-0-10
saving to redis
Message Processed, count:118
MESSAGE IN: ENV:1548705925-3-0-10 POP=1548705925-3-0-10 count=118
Sending Message...1548705925-3-0-10
saving to redis
Message Processed, count:119
MESSAGE IN: ENV:1548705925-3-0-10 POP=1548705925-3-0-10 count=119
Sending Message...1548705925-3-0-10
saving to redis
Message Processed, count:120
MESSAGE IN: ENV:1548705925-3-0-10 POP=1548705925-3-0-10 count=120
Sending Message...1548705925-3-0-10
saving to redis
Message Processed, count:121
MESSAGE IN: ENV:1548705925-3-0-10 POP=1548705925-3-0-10 count=121
Sending Message...1548705925-3-0-10
saving to redis
Message Processed, count:122
MESSAGE IN: ENV:1548705925-3-0-10 POP=1548705925-3-0-10 count=122
Sending Message...1548705925-3-0-10
saving to redis
Message Processed, count:123
MESSAGE IN: ENV:1548705925-3-0-10 POP=1548705925-3-0-10 count=123
Sending Message...1548705925-3-0-10
saving to redis
Message Processed, count:124
MESSAGE IN: ENV:1548705925-3-0-10 POP=1548705925-3-0-10 count=124
Sending Message...1548705925-3-0-10
saving to redis
Message Processed, count:125
MESSAGE IN: ENV:1548705925-3-0-10 POP=1548705925-3-0-10 count=125
Sending Message...1548705925-3-0-10
saving to redis
Message Processed, count:126
MESSAGE IN: ENV:1548705925-3-0-10 POP=1548705925-3-0-10 count=126
Sending Message...1548705925-3-0-10
saving to redis
Message Processed, count:127
MESSAGE IN: ENV:1548705925-3-0-10 POP=1548705925-3-0-10 count=127
Sending Message...1548705925-3-0-10
saving to redis
Message Processed, count:128
MESSAGE IN: ENV:1548705925-3-0-10 POP=1548705925-3-0-10 count=128
Sending Message...1548705925-3-0-10
saving to redis
Message Processed, count:129
MESSAGE IN: ENV:1548705925-3-0-10 POP=1548705925-3-0-10 count=129
Sending Message...1548705925-3-0-10
saving to redis
Message Processed, count:130
MESSAGE IN: ENV:1548705925-3-0-10 POP=1548705925-3-0-10 count=130
Sending Message...1548705925-3-0-10
saving to redis
Message Processed, count:131
MESSAGE IN: ENV:1548705925-3-0-10 POP=1548705925-3-0-10 count=131
Sending Message...1548705925-3-0-10
saving to redis
Message Processed, count:132
MESSAGE IN: ENV:1548705925-3-0-10 POP=1548705925-3-0-10 count=132
Sending Message...1548705925-3-0-10
saving to redis
Message Processed, count:133
MESSAGE IN: ENV:1548705925-3-0-10 POP=1548705925-3-0-10 count=133
Sending Message...1548705925-3-0-10
saving to redis
Message Processed, count:134
MESSAGE IN: ENV:1548705925-3-0-10 POP=1548705925-3-0-10 count=134
Sending Message...1548705925-3-0-10
saving to redis
Message Processed, count:135
MESSAGE IN: ENV:1548705925-3-0-10 POP=1548705925-3-0-10 count=135
Sending Message...1548705925-3-0-10
saving to redis
Message Processed, count:136
MESSAGE IN: ENV:1548705925-3-0-10 POP=1548705925-3-0-10 count=136
Sending Message...1548705925-3-0-10
saving to redis
Message Processed, count:137
MESSAGE IN: ENV:1548705925-3-0-10 POP=1548705925-3-0-10 count=137
Sending Message...1548705925-3-0-10
saving to redis
Message Processed, count:138
MESSAGE IN: ENV:1548705925-3-0-10 POP=1548705925-3-0-10 count=138
Sending Message...1548705925-3-0-10
saving to redis
Message Processed, count:139
MESSAGE IN: ENV:1548705925-3-0-10 POP=1548705925-3-0-10 count=139
Sending Message...1548705925-3-0-10
saving to redis
Message Processed, count:140
MESSAGE IN: ENV:1548705925-3-0-10 POP=1548705925-3-0-10 count=140
Sending Message...1548705925-3-0-10
saving to redis
Message Processed, count:141
MESSAGE IN: ENV:1548705925-3-0-10 POP=1548705925-3-0-10 count=141
Sending Message...1548705925-3-0-10
saving to redis
Message Processed, count:142
MESSAGE IN: ENV:1548705925-3-0-10 POP=1548705925-3-0-10 count=142
Sending Message...1548705925-3-0-10
saving to redis
Message Processed, count:143
MESSAGE IN: ENV:1548705925-3-0-10 POP=1548705925-3-0-10 count=143
Sending Message...1548705925-3-0-10
saving to redis
Message Processed, count:144
MESSAGE IN: ENV:1548705925-3-0-10 POP=1548705925-3-0-10 count=144
Sending Message...1548705925-3-0-10
saving to redis
Message Processed, count:145
MESSAGE IN: ENV:1548705925-3-0-10 POP=1548705925-3-0-10 count=145
Sending Message...1548705925-3-0-10
saving to redis
Message Processed, count:146
MESSAGE IN: ENV:1548705925-3-0-10 POP=1548705925-3-0-10 count=146
Sending Message...1548705925-3-0-10
saving to redis
Message Processed, count:147
MESSAGE IN: ENV:1548705925-3-0-10 POP=1548705925-3-0-10 count=147
Sending Message...1548705925-3-0-10
saving to redis
Message Processed, count:148
MESSAGE IN: ENV:1548705925-3-0-10 POP=1548705925-3-0-10 count=148
Sending Message...1548705925-3-0-10
saving to redis
Message Processed, count:149
MESSAGE IN: ENV:1548705925-3-0-10 POP=1548705925-3-0-10 count=149
Sending Message...1548705925-3-0-10
saving to redis
Message Processed, count:150
MESSAGE IN: ENV:1548705925-3-0-10 POP=1548705925-3-0-10 count=150
Sending Message...1548705925-3-0-10
saving to redis
Message Processed, count:151
MESSAGE IN: ENV:1548705925-3-0-10 POP=1548705925-3-0-10 count=151
Sending Message...1548705925-3-0-10
saving to redis
Message Processed, count:152
MESSAGE IN: ENV:1548705925-3-0-10 POP=1548705925-3-0-10 count=152
Sending Message...1548705925-3-0-10
saving to redis
Message Processed, count:153
MESSAGE IN: ENV:1548705925-3-0-10 POP=1548705925-3-0-10 count=153
Sending Message...1548705925-3-0-10
saving to redis
Message Processed, count:154
MESSAGE IN: ENV:1548705925-3-0-10 POP=1548705925-3-0-10 count=154
Sending Message...1548705925-3-0-10
saving to redis
Message Processed, count:155
MESSAGE IN: ENV:1548705925-3-0-10 POP=1548705925-3-0-10 count=155
Sending Message...1548705925-3-0-10
saving to redis
Message Processed, count:156
MESSAGE IN: ENV:1548705925-3-0-10 POP=1548705925-3-0-10 count=156
Sending Message...1548705925-3-0-10
saving to redis
Message Processed, count:157
MESSAGE IN: ENV:1548705925-3-0-10 POP=1548705925-3-0-10 count=157
Sending Message...1548705925-3-0-10
saving to redis
Message Processed, count:158
MESSAGE IN: ENV:1548705925-3-0-10 POP=1548705925-3-0-10 count=158
Sending Message...1548705925-3-0-10
saving to redis
Message Processed, count:159
MESSAGE IN: ENV:1548705925-3-0-10 POP=1548705925-3-0-10 count=159
Sending Message...1548705925-3-0-10
saving to redis
Message Processed, count:160
MESSAGE IN: ENV:1548705925-3-0-10 POP=1548705925-3-0-10 count=160
Sending Message...1548705925-3-0-10
saving to redis
Message Processed, count:161
MESSAGE IN: ENV:1548705925-3-0-10 POP=1548705925-3-0-10 count=161
Sending Message...1548705925-3-0-10
saving to redis
Message Processed, count:162
MESSAGE IN: ENV:1548705925-3-0-10 POP=1548705925-3-0-10 count=162
Sending Message...1548705925-3-0-10
saving to redis
Message Processed, count:163
MESSAGE IN: ENV:1548705925-3-0-10 POP=1548705925-3-0-10 count=163
Sending Message...1548705925-3-0-10
saving to redis
Message Processed, count:164
MESSAGE IN: ENV:1548705925-3-0-10 POP=1548705925-3-0-10 count=164
Sending Message...1548705925-3-0-10
saving to redis
Message Processed, count:165
MESSAGE IN: ENV:1548705925-3-0-10 POP=1548705925-3-0-10 count=165
Sending Message...1548705925-3-0-10
saving to redis
Message Processed, count:166
MESSAGE IN: ENV:1548705925-3-0-10 POP=1548705925-3-0-10 count=166
Sending Message...1548705925-3-0-10
saving to redis
Message Processed, count:167
MESSAGE IN: ENV:1548705925-3-0-10 POP=1548705925-3-0-10 count=167
Sending Message...1548705925-3-0-10
saving to redis
Message Processed, count:168
MESSAGE IN: ENV:1548705925-3-0-10 POP=1548705925-3-0-10 count=168
Sending Message...1548705925-3-0-10
saving to redis
Message Processed, count:169
MESSAGE IN: ENV:1548705925-3-0-10 POP=1548705925-3-0-10 count=169
Sending Message...1548705925-3-0-10
saving to redis
Message Processed, count:170
MESSAGE IN: ENV:1548705925-3-0-10 POP=1548705925-3-0-10 count=170
Sending Message...1548705925-3-0-10
saving to redis
Message Processed, count:171
MESSAGE IN: ENV:1548705925-3-0-10 POP=1548705925-3-0-10 count=171
Sending Message...1548705925-3-0-10
saving to redis
Message Processed, count:172
MESSAGE IN: ENV:1548705925-3-0-10 POP=1548705925-3-0-10 count=172
Sending Message...1548705925-3-0-10
saving to redis
Message Processed, count:173
MESSAGE IN: ENV:1548705925-3-0-10 POP=1548705925-3-0-10 count=173
Sending Message...1548705925-3-0-10
saving to redis
Message Processed, count:174
MESSAGE IN: ENV:1548705925-3-0-10 POP=1548705925-3-0-10 count=174
Sending Message...1548705925-3-0-10
saving to redis
Message Processed, count:175
MESSAGE IN: ENV:1548705925-3-0-10 POP=1548705925-3-0-10 count=175
Sending Message...1548705925-3-0-10
saving to redis
Message Processed, count:176
MESSAGE IN: ENV:1548705925-3-0-10 POP=1548705925-3-0-10 count=176
Sending Message...1548705925-3-0-10
saving to redis
Message Processed, count:177
MESSAGE IN: ENV:1548705925-3-0-10 POP=1548705925-3-0-10 count=177
Sending Message...1548705925-3-0-10
saving to redis
Message Processed, count:178
MESSAGE IN: ENV:1548705925-3-0-10 POP=1548705925-3-0-10 count=178
Sending Message...1548705925-3-0-10
saving to redis
Message Processed, count:179
MESSAGE IN: ENV:1548705925-3-0-10 POP=1548705925-3-0-10 count=179
Sending Message...1548705925-3-0-10
saving to redis
Message Processed, count:180
MESSAGE IN: ENV:1548705925-3-0-10 POP=1548705925-3-0-10 count=180
Sending Message...1548705925-3-0-10
saving to redis
Message Processed, count:181
MESSAGE IN: ENV:1548705925-3-0-10 POP=1548705925-3-0-10 count=181
Sending Message...1548705925-3-0-10
saving to redis
Message Processed, count:182
MESSAGE IN: ENV:1548705925-3-0-10 POP=1548705925-3-0-10 count=182
Sending Message...1548705925-3-0-10
saving to redis
Message Processed, count:183
MESSAGE IN: ENV:1548705925-3-0-10 POP=1548705925-3-0-10 count=183
Sending Message...1548705925-3-0-10
saving to redis
Message Processed, count:184
MESSAGE IN: ENV:1548705925-3-0-10 POP=1548705925-3-0-10 count=184
Sending Message...1548705925-3-0-10
saving to redis
Message Processed, count:185
MESSAGE IN: ENV:1548705925-3-0-10 POP=1548705925-3-0-10 count=185
Sending Message...1548705925-3-0-10
saving to redis
Message Processed, count:186
MESSAGE IN: ENV:1548705925-3-0-10 POP=1548705925-3-0-10 count=186
Sending Message...1548705925-3-0-10
saving to redis
Message Processed, count:187
MESSAGE IN: ENV:1548705925-3-0-10 POP=1548705925-3-0-10 count=187
Sending Message...1548705925-3-0-10
saving to redis
Message Processed, count:188
MESSAGE IN: ENV:1548705925-3-0-10 POP=1548705925-3-0-10 count=188
Sending Message...1548705925-3-0-10
saving to redis
Message Processed, count:189
MESSAGE IN: ENV:1548705925-3-0-10 POP=1548705925-3-0-10 count=189
Sending Message...1548705925-3-0-10
saving to redis
Message Processed, count:190
MESSAGE IN: ENV:1548705925-3-0-10 POP=1548705925-3-0-10 count=190
Sending Message...1548705925-3-0-10
saving to redis
Message Processed, count:191
MESSAGE IN: ENV:1548705925-3-0-10 POP=1548705925-3-0-10 count=191
Sending Message...1548705925-3-0-10
saving to redis
Message Processed, count:192
MESSAGE IN: ENV:1548705925-3-0-10 POP=1548705925-3-0-10 count=192
Sending Message...1548705925-3-0-10
saving to redis
Message Processed, count:193
MESSAGE IN: ENV:1548705925-3-0-10 POP=1548705925-3-0-10 count=193
Sending Message...1548705925-3-0-10
saving to redis
Message Processed, count:194
MESSAGE IN: ENV:1548705925-3-0-10 POP=1548705925-3-0-10 count=194
Sending Message...1548705925-3-0-10
saving to redis
Message Processed, count:195
MESSAGE IN: ENV:1548705925-3-0-10 POP=1548705925-3-0-10 count=195
Sending Message...1548705925-3-0-10
saving to redis
Message Processed, count:196
MESSAGE IN: ENV:1548705925-3-0-10 POP=1548705925-3-0-10 count=196
Sending Message...1548705925-3-0-10
saving to redis
Message Processed, count:197
MESSAGE IN: ENV:1548705925-3-0-10 POP=1548705925-3-0-10 count=197
Sending Message...1548705925-3-0-10
saving to redis
Message Processed, count:198
MESSAGE IN: ENV:1548705925-3-0-10 POP=1548705925-3-0-10 count=198
Sending Message...1548705925-3-0-10
saving to redis
Message Processed, count:199
MESSAGE IN: ENV:1548705925-3-0-10 POP=1548705925-3-0-10 count=199
Sending Message...1548705925-3-0-10
saving to redis
Stoping Experiment
Message Processed, count:200
Finished: 2019-01-28 20:07:19 UTC(+0000)
